<?xml version="1.0" encoding="UTF-8"?>
<!-- Generated by org.testng.reporters.JUnitReportReporter -->
<testsuite hostname="Ankurs-MacBook-Air.local" name="First_TestCase.Login" tests="1" failures="0" timestamp="8 Apr 2020 11:35:13 GMT" time="34.048" errors="0">
  <testcase name="verifyLogin" time="34.048" classname="First_TestCase.Login"/>
</testsuite> <!-- First_TestCase.Login -->
