<?xml version="1.0" encoding="UTF-8"?>
<!-- Generated by org.testng.reporters.JUnitReportReporter -->
<testsuite hostname="Ankurs-MacBook-Air.local" name="com.parallel.tests.Login" tests="2" failures="0" timestamp="9 Apr 2020 10:56:39 GMT" time="86.141" errors="0">
  <testcase name="verifyLogin" time="43.229" classname="com.parallel.tests.Login"/>
  <testcase name="verifyLogin" time="42.912" classname="com.parallel.tests.Login"/>
</testsuite> <!-- com.parallel.tests.Login -->
