<?xml version="1.0" encoding="UTF-8"?>
<!-- Generated by org.testng.reporters.JUnitReportReporter -->
<testsuite hostname="Ankurs-MacBook-Air.local" name="com.empirix.test.NewTest" tests="2" failures="0" timestamp="12 Apr 2020 18:51:53 GMT" time="103.565" errors="0">
  <testcase name="verify_Login" time="60.275" classname="com.empirix.test.NewTest"/>
  <testcase name="verify_Login" time="43.290" classname="com.empirix.test.NewTest"/>
</testsuite> <!-- com.empirix.test.NewTest -->
